Fri 17:38: PROGRESS: MaxCompiler version: 2015.2
Fri 17:38: PROGRESS: Build "Vectors" start time: Fri Jan 12 17:38:39 UTC 2018
Fri 17:38: PROGRESS: Main build process running as user mwpletch on host de9b6f5fdf65
Fri 17:38: INFO    : Loading build properties from bundled MaxCompiler_build.conf...
Fri 17:38: INFO    : Loading default build properties from /opt/MaxCompiler_build.conf
Fri 17:38: INFO    : User build properties not found in file: /home/mwpletch/.MaxCompiler_build_user.conf
Fri 17:38: INFO    : No user-specified external build property file has been specified.
Fri 17:38: INFO    : (Set environment variable MAXCOMPILER_BUILD_CONF_FILE to assign one)
Fri 17:38: INFO    : Loading additional parameters from MAXCOMPILER_BUILD_CONF environment variable
Fri 17:38: PROGRESS: Build location: /tmp/Vectors_MAIA_DFE_SIM
Fri 17:38: PROGRESS: Detailed build log available in "_build.log"
Fri 17:38: INFO    : Created build manager Vectors (Vectors_MAIA_DFE_SIM Fri Jan 12 17:38:39 UTC 2018). (17:38:39 12/01/18)
Fri 17:38: INFO    : Working in dir: /tmp/Vectors_MAIA_DFE_SIM
Fri 17:38: INFO    : Java class path (2 paths):
Fri 17:38: INFO    : 	/home/mwpletch/WebIDE-Projects/MatrixMultiplication/RunRules/Simulation/dist/bin
Fri 17:38: INFO    : 	/opt/maxcompiler/lib/MaxCompiler.jar
Fri 17:38: INFO    : Java process started by 'main' method in class 'vectors.VectorsManager'.
Fri 17:38: INFO    : build.arbitrated_core_cache parameter is blank, not using core-cache
Fri 17:38: INFO    : Checking license files in directory: /opt/maxcompiler//licenses
Fri 17:38: INFO    : All license signatures valid.
Fri 17:38: PROGRESS: Instantiating manager
Fri 17:38: PROGRESS: Instantiating kernel "VectorsKernel"
Fri 17:38: INFO    : Backing-up source-files (old source files in build directory will be removed first)...
Fri 17:38: INFO    : Source directories: src
Fri 17:38: INFO    : Not deleting directory (does not exist): src
Fri 17:38: INFO    : Copying source-files took 2.12005 ms
Fri 17:38: PROGRESS: Compiling manager (CPU I/O Only)
Fri 17:38: INFO    : Backing-up source-files (old source files in build directory will be removed first)...
Fri 17:38: INFO    : Source directories: src
Fri 17:38: INFO    : Deleting directory: src
Fri 17:38: INFO    : Copying source-files took 2.10871 ms
Fri 17:38: INFO    : Manager Configuration:
Fri 17:38: INFO    : 	ManagerConfiguration.allowNonMultipleTransitions = false                   [Init: false]
Fri 17:38: INFO    : 	ManagerConfiguration.board = MAX4848A                                      [Init: null, init: MAX4848A]
Fri 17:38: INFO    : 	ManagerConfiguration.build.buildEffort = MEDIUM                            [Init: MEDIUM]
Fri 17:38: INFO    : 	ManagerConfiguration.build.enableChipScopeInserter = false                 [Init: false]
Fri 17:38: INFO    : 	ManagerConfiguration.build.enableTimingAnalysis = true                     [Init: true]
Fri 17:38: INFO    : 	ManagerConfiguration.build.level = FULL_BUILD                              [Init: FULL_BUILD]
Fri 17:38: INFO    : 	ManagerConfiguration.build.mpprContinueAfterMeetingTiming = false          [Init: false]
Fri 17:38: INFO    : 	ManagerConfiguration.build.mpprCtMax = 1                                   [Init: 1]
Fri 17:38: INFO    : 	ManagerConfiguration.build.mpprCtMin = 1                                   [Init: 1]
Fri 17:38: INFO    : 	ManagerConfiguration.build.mpprParallelism = 1                             [Init: 1]
Fri 17:38: INFO    : 	ManagerConfiguration.build.mpprRetryMissesThrshld = 0                      [Init: 0]
Fri 17:38: INFO    : 	ManagerConfiguration.build.optGoal = BALANCED                              [Init: BALANCED]
Fri 17:38: INFO    : 	ManagerConfiguration.build.physSynthAsyncPipelining = AUTO                 [Init: AUTO]
Fri 17:38: INFO    : 	ManagerConfiguration.build.physSynthCombLogic = AUTO                       [Init: AUTO]
Fri 17:38: INFO    : 	ManagerConfiguration.build.physSynthCombLogicForArea = AUTO                [Init: AUTO]
Fri 17:38: INFO    : 	ManagerConfiguration.build.physSynthEffort = AUTO                          [Init: AUTO]
Fri 17:38: INFO    : 	ManagerConfiguration.build.physSynthRegDuplication = AUTO                  [Init: AUTO]
Fri 17:38: INFO    : 	ManagerConfiguration.build.physSynthRetiming = AUTO                        [Init: AUTO]
Fri 17:38: INFO    : 	ManagerConfiguration.build.physicalSynthesis = false                       [Init: false]
Fri 17:38: INFO    : 	ManagerConfiguration.buildTarget = DFE_SIM                                 [Init: null, init: DFE_SIM]
Fri 17:38: INFO    : 	ManagerConfiguration.debug.chipscopeCaptureDepth = 4096                    [Init: 4096]
Fri 17:38: INFO    : 	ManagerConfiguration.debug.fifoUnderOverFlowRegs = false                   [Init: false]
Fri 17:38: INFO    : 	ManagerConfiguration.debug.memCtlDebugRegs = true                          [Init: true]
Fri 17:38: INFO    : 	ManagerConfiguration.debug.memCtlExtraDebugRegs = false                    [Init: false]
Fri 17:38: INFO    : 	ManagerConfiguration.debug.memMarginingSupport = false                     [Init: false]
Fri 17:38: INFO    : 	ManagerConfiguration.debug.memPhyDebugRegister = NONE                      [Init: NONE]
Fri 17:38: INFO    : 	ManagerConfiguration.debug.memPllLockDebugRegs = true                      [Init: true]
Fri 17:38: INFO    : 	ManagerConfiguration.debug.streamStatus = false                            [Init: false]
Fri 17:38: INFO    : 	ManagerConfiguration.debug.streamStatusChecksums = false                   [Init: false]
Fri 17:38: INFO    : 	ManagerConfiguration.dram.addressGeneratorsInSlowClock = false             [Init: false]
Fri 17:38: INFO    : 	ManagerConfiguration.dram.arbitrationMode = ROUND_ROBIN                    [Init: ROUND_ROBIN]
Fri 17:38: INFO    : 	ManagerConfiguration.dram.burstSize = 8                                    [Init: 8]
Fri 17:38: INFO    : 	ManagerConfiguration.dram.cmdFifoInReg = false                             [Init: false]
Fri 17:38: INFO    : 	ManagerConfiguration.dram.cmdFifoLutRam = false                            [Init: false]
Fri 17:38: INFO    : 	ManagerConfiguration.dram.cmdFifoRegInRam = true                           [Init: true]
Fri 17:38: INFO    : 	ManagerConfiguration.dram.cmdFifoSize = 31                                 [Init: 31]
Fri 17:38: INFO    : 	ManagerConfiguration.dram.commandEchoModeEnabled = false                   [Init: false]
Fri 17:38: INFO    : 	ManagerConfiguration.dram.commandEchoModeFifoDepth = 512                   [Init: 512]
Fri 17:38: INFO    : 	ManagerConfiguration.dram.commandEchoModeStreamAlmostEmptyLatency = 792    [Init: 792]
Fri 17:38: INFO    : 	ManagerConfiguration.dram.commandEchoModeStreamAlmostEmptyLatency = 8      [Init: 8]
Fri 17:38: INFO    : 	ManagerConfiguration.dram.commandEchoModeStreamStallLatency = 8            [Init: 8]
Fri 17:38: INFO    : 	ManagerConfiguration.dram.dataFifoDepth = 512                              [Init: 512]
Fri 17:38: INFO    : 	ManagerConfiguration.dram.dataFifoLutRam = false                           [Init: false]
Fri 17:38: INFO    : 	ManagerConfiguration.dram.dataFifoWidth = 792                              [Init: 792]
Fri 17:38: INFO    : 	ManagerConfiguration.dram.eccMode = true                                   [Init: false, change: true]
Fri 17:38: INFO    : 	ManagerConfiguration.dram.fabricDataFifoReg = true                         [Init: true]
Fri 17:38: INFO    : 	ManagerConfiguration.dram.fabricRdDataFifoReg = false                      [Init: false]
Fri 17:38: INFO    : 	ManagerConfiguration.dram.flagSupport = false                              [Init: false]
Fri 17:38: INFO    : 	ManagerConfiguration.dram.highPrioStream = false                           [Init: false]
Fri 17:38: INFO    : 	ManagerConfiguration.dram.max2CompatMode = false                           [Init: false]
Fri 17:38: INFO    : 	ManagerConfiguration.dram.max4m_GALAVA_MCP_UseRefClk = false               [Init: false]
Fri 17:38: INFO    : 	ManagerConfiguration.dram.max4m_MAIA_MCP_UseRefClk = false                 [Init: false]
Fri 17:38: INFO    : 	ManagerConfiguration.dram.max4qrateMode = false                            [Init: false]
Fri 17:38: INFO    : 	ManagerConfiguration.dram.memCmdIncSize = 8                                [Init: 8]
Fri 17:38: INFO    : 	ManagerConfiguration.dram.memCmdStartAddrSize = 32                         [Init: 32]
Fri 17:38: INFO    : 	ManagerConfiguration.dram.onCardMemFreq = 400.0                            [Init: 0.0, change: 400.0]
Fri 17:38: INFO    : 	ManagerConfiguration.dram.parEccDebugStream = false                        [Init: false]
Fri 17:38: INFO    : 	ManagerConfiguration.dram.parityEccWidth = 72                              [Init: 0, change: 72]
Fri 17:38: INFO    : 	ManagerConfiguration.dram.parityMode = true                                [Init: false, change: true]
Fri 17:38: INFO    : 	ManagerConfiguration.dram.perdqsPhaseDetect = false                        [Init: false]
Fri 17:38: INFO    : 	ManagerConfiguration.dram.performanceMode = true                           [Init: true]
Fri 17:38: INFO    : 	ManagerConfiguration.enableMPCX = false                                    [Init: false, init: false]
Fri 17:38: INFO    : 	ManagerConfiguration.maxring.maxringConnections = []                       [Init: []]
Fri 17:38: INFO    : 	ManagerConfiguration.maxring.maxringNumLanes = {}                          [Init: {}]
Fri 17:38: INFO    : 	ManagerConfiguration.multiCycleMappedMemoryBus = false                     [Init: false]
Fri 17:38: INFO    : 	ManagerConfiguration.network.qsfp0Mode = QSFP_OFF                          [Init: QSFP_OFF]
Fri 17:38: INFO    : 	ManagerConfiguration.network.qsfp1Mode = QSFP_OFF                          [Init: QSFP_OFF]
Fri 17:38: INFO    : 	ManagerConfiguration.network.qsfp2Mode = QSFP_OFF                          [Init: QSFP_OFF]
Fri 17:38: INFO    : 	ManagerConfiguration.network.qsfp3Mode = QSFP_OFF                          [Init: QSFP_OFF]
Fri 17:38: INFO    : 	ManagerConfiguration.network.qsfp4Mode = QSFP_OFF                          [Init: QSFP_OFF]
Fri 17:38: INFO    : 	ManagerConfiguration.network.qsfp5Mode = QSFP_OFF                          [Init: QSFP_OFF]
Fri 17:38: INFO    : 	ManagerConfiguration.network.qsfp6Mode = QSFP_OFF                          [Init: QSFP_OFF]
Fri 17:38: INFO    : 	ManagerConfiguration.network.qsfp7Mode = QSFP_OFF                          [Init: QSFP_OFF]
Fri 17:38: INFO    : 	ManagerConfiguration.pcie.numPCIeLanes = 8                                 [Init: 0, change: 8]
Fri 17:38: INFO    : 	ManagerConfiguration.pcie.pcieFastClock = true                             [Init: false, change: true]
Fri 17:38: INFO    : 	ManagerConfiguration.pcie.streamFromHostMaxNum = 0                         [Init: 0]
Fri 17:38: INFO    : 	ManagerConfiguration.pcie.streamToHostMaxNum = 0                           [Init: 0]
Fri 17:38: INFO    : 	ManagerConfiguration.persona.boardModel = MAX4848A                         [Init: null, change: MAX4848A]
Fri 17:38: INFO    : 	ManagerConfiguration.persona.ddr3Enable = false                            [Init: false]
Fri 17:38: INFO    : 	ManagerConfiguration.persona.ddr3Frq = 400.0                               [Init: 400.0]
Fri 17:38: INFO    : 	ManagerConfiguration.persona.ddr3Qmode = false                             [Init: false]
Fri 17:38: INFO    : 	ManagerConfiguration.persona.disableMultiplePersona = true                 [Init: true]
Fri 17:38: INFO    : 	ManagerConfiguration.persona.dynamic_scaling = false                       [Init: false]
Fri 17:38: INFO    : 	ManagerConfiguration.persona.enableCPLDOverrideOutpus = false              [Init: false]
Fri 17:38: INFO    : 	ManagerConfiguration.persona.enableJDFEPTPTestLogic = false                [Init: false]
Fri 17:38: INFO    : 	ManagerConfiguration.persona.maxRingLocal = false                          [Init: false]
Fri 17:38: INFO    : 	ManagerConfiguration.persona.maxRingOptical = false                        [Init: false]
Fri 17:38: INFO    : 	ManagerConfiguration.persona.maxringDataRate = 2500.0                      [Init: 2500.0]
Fri 17:38: INFO    : 	ManagerConfiguration.persona.maxringOpticalDataRate = 10000.0              [Init: 10000.0]
Fri 17:38: INFO    : 	ManagerConfiguration.persona.mode = InitMode                               [Init: InitMode]
Fri 17:38: INFO    : 	ManagerConfiguration.persona.networkPTP = OFF                              [Init: OFF]
Fri 17:38: INFO    : 	ManagerConfiguration.persona.panMaxRingA = false                           [Init: false]
Fri 17:38: INFO    : 	ManagerConfiguration.persona.panMaxRingB = false                           [Init: false]
Fri 17:38: INFO    : 	ManagerConfiguration.persona.personaInterfaceVersion = 1                   [Init: 1]
Fri 17:38: INFO    : 	ManagerConfiguration.persona.qdr2Enable = false                            [Init: false]
Fri 17:38: INFO    : 	ManagerConfiguration.persona.qdr2Frq = 350.0                               [Init: 350.0]
Fri 17:38: INFO    : 	ManagerConfiguration.persona.streamClks = 1                                [Init: 1]
Fri 17:38: INFO    : 	ManagerConfiguration.persona.streamFrq = [100.0]                           [Init: [150.0], change: [100.0]]
Fri 17:38: INFO    : 	ManagerConfiguration.persona.streamPs = [0]                                [Init: [0]]
Fri 17:38: INFO    : 	ManagerConfiguration.persona.usePCIeGen1 = false                           [Init: false]
Fri 17:38: INFO    : 	ManagerConfiguration.simulation.nativeFloatingPoint = false                [Init: false]
Fri 17:38: INFO    : 	ManagerConfiguration.streamClockFrq = 100                                  [Init: 100]
Fri 17:38: INFO    : 	ManagerConfiguration.useLegacyStreamFIFOs = false                          [Init: false]
Fri 17:38: INFO    : 
Fri 17:38: INFO    :  -- 
Fri 17:38: PROGRESS: 
Fri 17:38: PROGRESS: Compiling kernel "VectorsKernel"
Fri 17:38: INFO    : Configuration:
Fri 17:38: INFO    : 	KernelConfiguration.additionalInputPipelining = 64                                          [Init: 64]
Fri 17:38: INFO    : 	KernelConfiguration.allowDSPCascading = true                                                [Init: true]
Fri 17:38: INFO    : 	KernelConfiguration.allowInputsOutputsBeforeFlushNode = false                               [Init: false]
Fri 17:38: INFO    : 	KernelConfiguration.allowZeroLatencyNodeHold = false                                        [Init: false]
Fri 17:38: INFO    : 	KernelConfiguration.board = MAX4848A                                                        [Init: MAX2116B, change: MAX4848A]
Fri 17:38: INFO    : 	KernelConfiguration.bramBitsThreshold = 2080                                                [Init: 2080]
Fri 17:38: INFO    : 	KernelConfiguration.buildTarget = MAXCOMPILERSIM_HOST_DRIVEN                                [Init: NONE, change: MAXCOMPILERSIM_HOST_DRIVEN]
Fri 17:38: INFO    : 	KernelConfiguration.cePipelining = 2                                                        [Init: 2]
Fri 17:38: INFO    : 	KernelConfiguration.clockPhaseBalanceThreshold = 0.1                                        [Init: 0.1]
Fri 17:38: INFO    : 	KernelConfiguration.clockPhasingRetries = 50                                                [Init: 50]
Fri 17:38: INFO    : 	KernelConfiguration.dumpNeighboursString =                                                  [Init: ]
Fri 17:38: INFO    : 	KernelConfiguration.enableCeReplication = true                                              [Init: true]
Fri 17:38: INFO    : 	KernelConfiguration.enableClockPhasePartitioning = false                                    [Init: false]
Fri 17:38: INFO    : 	KernelConfiguration.enableDebugIOControlRegs = true                                         [Init: true]
Fri 17:38: INFO    : 	KernelConfiguration.enableDummyBuild = false                                                [Init: false]
Fri 17:38: INFO    : 	KernelConfiguration.enableKernelProfiler = false                                            [Init: false]
Fri 17:38: INFO    : 	KernelConfiguration.enablePipelinedComputeController = false                                [Init: false]
Fri 17:38: INFO    : 	KernelConfiguration.enableShadowRegister = false                                            [Init: false]
Fri 17:38: INFO    : 	KernelConfiguration.enableSmartKernelControl = false                                        [Init: false]
Fri 17:38: INFO    : 	KernelConfiguration.fifoSrlRegisterStages = 1                                               [Init: 1]
Fri 17:38: INFO    : 	KernelConfiguration.flushOnInputDataCongtiguous = false                                     [Init: false]
Fri 17:38: INFO    : 	KernelConfiguration.hardwareDebugDepth = 512                                                [Init: 512]
Fri 17:38: INFO    : 	KernelConfiguration.hwHierarchyMode = UNSET                                                 [Init: UNSET]
Fri 17:38: INFO    : 	KernelConfiguration.latencyAnnotation = false                                               [Init: false]
Fri 17:38: INFO    : 	KernelConfiguration.latencyAnnotationIOs =                                                  [Init: null]
Fri 17:38: INFO    : 	KernelConfiguration.maxCoalescedFifoWidth = 2147483647                                      [Init: 2147483647]
Fri 17:38: INFO    : 	KernelConfiguration.maxPreAdderFanOut = 1                                                   [Init: 1]
Fri 17:38: INFO    : 	KernelConfiguration.netlistMode = false                                                     [Init: false]
Fri 17:38: INFO    : 	KernelConfiguration.numPhotonStateMachines = 1                                              [Init: 1]
Fri 17:38: INFO    : 	KernelConfiguration.optimizations.ceCounterRegisterDuplication = 1                          [Init: 1]
Fri 17:38: INFO    : 	KernelConfiguration.optimizations.conditionalArithmetic = true                              [Init: true]
Fri 17:38: INFO    : 	KernelConfiguration.optimizations.counterChainWrapPipelining = 0                            [Init: 0]
Fri 17:38: INFO    : 	KernelConfiguration.optimizations.dspAddChain = OPTIMISE                                    [Init: null, Init after BuildTarget change: OPTIMISE]
Fri 17:38: INFO    : 	KernelConfiguration.optimizations.enableActiveFanoutReduction = false                       [Init: false]
Fri 17:38: INFO    : 	KernelConfiguration.optimizations.enableBUFGCE = false                                      [Init: false]
Fri 17:38: INFO    : 	KernelConfiguration.optimizations.enableBetterInputRegistering = false                      [Init: false]
Fri 17:38: INFO    : 	KernelConfiguration.optimizations.enableBetterRegistering = false                           [Init: false]
Fri 17:38: INFO    : 	KernelConfiguration.optimizations.enableFIFOCoalescingAcrossPlacementConstraints = false    [Init: false]
Fri 17:38: INFO    : 	KernelConfiguration.optimizations.enableFifoCoalescing = true                               [Init: true]
Fri 17:38: INFO    : 	KernelConfiguration.optimizations.enableFullPrecisionBinaryOpConstants = false              [Init: false]
Fri 17:38: INFO    : 	KernelConfiguration.optimizations.enableIntegratedRounding = false                          [Init: false]
Fri 17:38: INFO    : 	KernelConfiguration.optimizations.enableMappedMemoryHostReadBack = true                     [Init: true]
Fri 17:38: INFO    : 	KernelConfiguration.optimizations.enableMultiCycleReset = false                             [Init: false]
Fri 17:38: INFO    : 	KernelConfiguration.optimizations.enablePowerTwoFloatMult = true                            [Init: true]
Fri 17:38: INFO    : 	KernelConfiguration.optimizations.enableRedundantNodeDeletion = true                        [Init: true]
Fri 17:38: INFO    : 	KernelConfiguration.optimizations.enableStateMachineRegisterMerging = true                  [Init: true]
Fri 17:38: INFO    : 	KernelConfiguration.optimizations.inputFlushDistanceFactor = 0                              [Init: 0]
Fri 17:38: INFO    : 	KernelConfiguration.optimizations.minimumStaticFIFOSplitDepth = 1                           [Init: 1]
Fri 17:38: INFO    : 	KernelConfiguration.optimizations.optimizationTechnique = DEFAULT                           [Init: DEFAULT]
Fri 17:38: INFO    : 	KernelConfiguration.optimizations.triAdd = true                                             [Init: true]
Fri 17:38: INFO    : 	KernelConfiguration.partialReconfBlockName =                                                [Init: ]
Fri 17:38: INFO    : 	KernelConfiguration.partialReconfMode = false                                               [Init: false]
Fri 17:38: INFO    : 	KernelConfiguration.partialReconfTemplate = false                                           [Init: false]
Fri 17:38: INFO    : 	KernelConfiguration.replicateNodeCeLog2NumPartitions = 0                                    [Init: 0]
Fri 17:38: INFO    : 	KernelConfiguration.romBRAMBitsThreshold = 2080                                             [Init: 2080]
Fri 17:38: INFO    : 	KernelConfiguration.simulation.ramAddressCollisionBehaviour = EXCEPTION                     [Init: EXCEPTION]
Fri 17:38: INFO    : 	KernelConfiguration.simulation.ramOutOfBoundsAccessBehaviour = EXCEPTION                    [Init: EXCEPTION]
Fri 17:38: INFO    : 	KernelConfiguration.simulation.simProgressMessageFrequency = 0                              [Init: 0]
Fri 17:38: INFO    : 
Fri 17:38: INFO    :  -- 
Fri 17:38: INFO    : Writing current graph to: Vectors-VectorsKernel-original.pxg
Fri 17:38: INFO    : Running kernel graph-pass 'GeneratePXG'.
Fri 17:38: INFO    : Graph-pass 'GeneratePXG' took 111.579 ms (1 iterations)
Fri 17:38: INFO    : Running kernel graph-pass 'MarkConstantPass'.
Fri 17:38: INFO    : Graph-pass 'MarkConstantPass' took 1.89629 ms (1 iterations)
Fri 17:38: INFO    : Running kernel graph-pass 'ReachabilityPass'.
Fri 17:38: INFO    : Graph-pass 'ReachabilityPass' took 2.35016 ms (1 iterations)
Fri 17:38: INFO    : Running kernel graph-pass 'FindInputsLeadingToFlush'.
Fri 17:38: INFO    : Graph-pass 'FindInputsLeadingToFlush' took 96.4800 ?s (1 iterations)
Fri 17:38: INFO    : Running kernel graph-pass 'CheckForStatefulToFlushViolations'.
Fri 17:38: INFO    : Graph-pass 'CheckForStatefulToFlushViolations' took 332.070 ?s (1 iterations)
Fri 17:38: INFO    : Running kernel graph-pass 'CheckForInputToFlushViolations'.
Fri 17:38: INFO    : Graph-pass 'CheckForInputToFlushViolations' took 808.854 ?s (1 iterations)
Fri 17:38: INFO    : Not deleting directory (does not exist): neighbours
Fri 17:38: INFO    : Running Photon pre-schedule graph optimisations
Fri 17:38: INFO    : Running kernel graph-pass 'AlignOrEradicatePrintfs'.
Fri 17:38: INFO    : Graph-pass 'AlignOrEradicatePrintfs' took 99.9620 ?s (1 iterations)
Fri 17:38: INFO    : Running kernel graph-pass 'FoldConstantsPass'.
Fri 17:38: INFO    : Graph-pass 'FoldConstantsPass' took 739.349 ?s (1 iterations)
Fri 17:38: INFO    : Running kernel graph-pass 'OptimiseNodesPass'.
Fri 17:38: INFO    : Graph-pass 'OptimiseNodesPass' took 7.77038 ms (2 iterations)
Fri 17:38: INFO    : Running kernel graph-pass 'DeleteRedundantNodes'.
Fri 17:38: INFO    : Graph-pass 'DeleteRedundantNodes' took 184.295 ?s (1 iterations)
Fri 17:38: INFO    : Running kernel graph-pass 'AlteraDSPExtractionGraphPass'.
Fri 17:38: INFO    : Optimized 0 sub-graphs into DSP multiply/add chains 
Fri 17:38: INFO    : Graph-pass 'AlteraDSPExtractionGraphPass' took 3.67512 ms (1 iterations)
Fri 17:38: INFO    : Running kernel graph-pass 'TriAddExtractionPass'.
Fri 17:38: INFO    : Graph-pass 'TriAddExtractionPass' took 101.239 ?s (1 iterations)
Fri 17:38: INFO    : Running kernel graph-pass 'ConditionalAddExtractionPass'.
Fri 17:38: INFO    : Optimized 0 sub-graphs into conditional adds/subs/triadds.
Fri 17:38: INFO    : Graph-pass 'ConditionalAddExtractionPass' took 705.455 ?s (1 iterations)
Fri 17:38: INFO    : Running kernel graph-pass 'PO2FPMultOptimiser'.
Fri 17:38: INFO    : Graph-pass 'PO2FPMultOptimiser' took 119.612 ?s (1 iterations)
Fri 17:38: INFO    : Running Photon simulation preparation
Fri 17:38: INFO    : Running kernel graph-pass 'PrepareSimulationPass'.
Fri 17:38: INFO    : Graph-pass 'PrepareSimulationPass' took 101.382 ?s (1 iterations)
Fri 17:38: INFO    : Logging Photon stats to: VectorsKernel_photon_stats.csv
Fri 17:38: INFO    : Running kernel graph-pass 'StatsPass'.
Fri 17:38: INFO    : Graph-pass 'StatsPass' took 1.45493 ms (1 iterations)
Fri 17:38: INFO    : Running kernel graph-pass 'CollectNumericExceptions'.
Fri 17:38: INFO    : Graph-pass 'CollectNumericExceptions' took 134.197 ?s (1 iterations)
Fri 17:38: INFO    : Running kernel graph-pass 'StreamOffsetDivExpand'.
Fri 17:38: INFO    : Graph-pass 'StreamOffsetDivExpand' took 102.872 ?s (1 iterations)
Fri 17:38: INFO    : Running kernel graph-pass 'FindIllegalLoops'.
Fri 17:38: INFO    : Graph-pass 'FindIllegalLoops' took 697.926 ?s (1 iterations)
Fri 17:38: INFO    : Running kernel graph-pass 'MarkConstantPass'.
Fri 17:38: INFO    : Graph-pass 'MarkConstantPass' took 178.657 ?s (1 iterations)
Fri 17:38: INFO    : Running kernel graph-pass 'ScheduleVariables'.
Fri 17:38: INFO    : Graph-pass 'ScheduleVariables' took 2.79186 ms (1 iterations)
Fri 17:38: INFO    : Running kernel graph-pass 'SubstituteEqPlaceholders'.
Fri 17:38: INFO    : Graph-pass 'SubstituteEqPlaceholders' took 85.1020 ?s (1 iterations)
Fri 17:38: INFO    : Running kernel graph-pass 'ScheduleApplier'.
Fri 17:38: INFO    : Graph-pass 'ScheduleApplier' took 1.27447 ms (1 iterations)
Fri 17:38: INFO    : Running kernel graph-pass 'MarkConstantPass'.
Fri 17:38: INFO    : Graph-pass 'MarkConstantPass' took 167.960 ?s (1 iterations)
Fri 17:38: INFO    : Running kernel graph-pass 'ScheduleDumper'.
Fri 17:38: INFO    : Graph-pass 'ScheduleDumper' took 1.31645 ms (1 iterations)
Fri 17:38: INFO    : Running Photon post-schedule graph optimisations (pass 1)
Fri 17:38: INFO    : Running kernel graph-pass 'TapFIFOsPass'.
Fri 17:38: INFO    : Graph-pass 'TapFIFOsPass' took 686.694 ?s (1 iterations)
Fri 17:38: INFO    : Running kernel graph-pass 'FoldFIFOsPass'.
Fri 17:38: INFO    : Graph-pass 'FoldFIFOsPass' took 244.449 ?s (1 iterations)
Fri 17:38: INFO    : Running kernel graph-pass 'MarkConstantPass'.
Fri 17:38: INFO    : Graph-pass 'MarkConstantPass' took 197.522 ?s (1 iterations)
Fri 17:38: INFO    : Running kernel graph-pass 'ValidateFIFOs'.
Fri 17:38: INFO    : Graph-pass 'ValidateFIFOs' took 126.314 ?s (1 iterations)
Fri 17:38: INFO    : Running kernel graph-pass 'MarkConstantPass'.
Fri 17:38: INFO    : Graph-pass 'MarkConstantPass' took 176.063 ?s (1 iterations)
Fri 17:38: INFO    : Running kernel graph-pass 'ScheduleDumper'.
Fri 17:38: INFO    : Graph-pass 'ScheduleDumper' took 1.07263 ms (1 iterations)
Fri 17:38: INFO    : Running kernel graph-pass 'MarkConstantPass'.
Fri 17:38: INFO    : Graph-pass 'MarkConstantPass' took 170.036 ?s (1 iterations)
Fri 17:38: INFO    : Running kernel graph-pass 'ScheduleConstants'.
Fri 17:38: INFO    : Running command: "/opt/maxcompiler//bin/cbc" "VectorsKernel_schedule_C.mps.gz" -threads 4 -solve  -printi csv -solu "VectorsKernel_schedule_C.csv" > "VectorsKernel_schedule_C.stdout.log"
Fri 17:38: INFO    : Optimum found: 0
Fri 17:38: INFO    : Graph-pass 'ScheduleConstants' took 57.8032 ms (1 iterations)
Fri 17:38: INFO    : Running kernel graph-pass 'MarkConstantPass'.
Fri 17:38: INFO    : Graph-pass 'MarkConstantPass' took 187.133 ?s (1 iterations)
Fri 17:38: INFO    : Running kernel graph-pass 'ScheduleDumper'.
Fri 17:38: INFO    : Graph-pass 'ScheduleDumper' took 1.22752 ms (1 iterations)
Fri 17:38: INFO    : Running kernel graph-pass 'SubstituteEqPlaceholders'.
Fri 17:38: INFO    : Graph-pass 'SubstituteEqPlaceholders' took 73.8650 ?s (1 iterations)
Fri 17:38: INFO    : Running kernel graph-pass 'RemoveDistMeasurementNodes'.
Fri 17:38: INFO    : Graph-pass 'RemoveDistMeasurementNodes' took 14.7370 ?s (1 iterations)
Fri 17:38: INFO    : Running kernel graph-pass 'ScheduleApplier'.
Fri 17:38: INFO    : Graph-pass 'ScheduleApplier' took 739.211 ?s (1 iterations)
Fri 17:38: INFO    : Maximum stream latency for kernel 'VectorsKernel': 11
Fri 17:38: INFO    : Using user logic for flush.
Fri 17:38: INFO    : Running Photon post-schedule graph optimisations (pass 2)
Fri 17:38: INFO    : Running kernel graph-pass 'TapFIFOsPass'.
Fri 17:38: INFO    : Graph-pass 'TapFIFOsPass' took 705.946 ?s (1 iterations)
Fri 17:38: INFO    : Running kernel graph-pass 'FoldFIFOsPass'.
Fri 17:38: INFO    : Graph-pass 'FoldFIFOsPass' took 232.592 ?s (1 iterations)
Fri 17:38: INFO    : Running kernel graph-pass 'MarkConstantPass'.
Fri 17:38: INFO    : Graph-pass 'MarkConstantPass' took 232.319 ?s (1 iterations)
Fri 17:38: INFO    : Running kernel graph-pass 'ScheduleAsserter'.
Fri 17:38: INFO    : Graph-pass 'ScheduleAsserter' took 434.156 ?s (1 iterations)
Fri 17:38: INFO    : Running kernel graph-pass 'ReplaceEvalStreamOffsetNodes'.
Fri 17:38: INFO    : Graph-pass 'ReplaceEvalStreamOffsetNodes' took 95.6390 ?s (1 iterations)
Fri 17:38: INFO    : Running kernel graph-pass 'FIFOReport'.
Fri 17:38: INFO    : Graph-pass 'FIFOReport' took 609.847 ?s (1 iterations)
Fri 17:38: INFO    : Running kernel graph-pass 'StatsPass'.
Fri 17:38: INFO    : Graph-pass 'StatsPass' took 1.02995 ms (1 iterations)
Fri 17:38: INFO    : Running kernel graph-pass 'RemoveUntypedConstants'.
Fri 17:38: INFO    : Graph-pass 'RemoveUntypedConstants' took 8.89229 ms (1 iterations)
Fri 17:38: INFO    : Running kernel graph-pass 'VariableSizeMappedRegInserter'.
Fri 17:38: INFO    : Graph-pass 'VariableSizeMappedRegInserter' took 89.7480 ?s (1 iterations)
Fri 17:38: INFO    : Running kernel graph-pass 'MarkConstantPass'.
Fri 17:38: INFO    : Graph-pass 'MarkConstantPass' took 163.920 ?s (1 iterations)
Fri 17:38: INFO    : Running kernel graph-pass 'MakeMaxFileNodeData'.
Fri 17:38: INFO    : Graph-pass 'MakeMaxFileNodeData' took 2.84700 ms (1 iterations)
Fri 17:38: INFO    : Running kernel graph-pass 'MoveFanoutRegsForwards'.
Fri 17:38: INFO    : Graph-pass 'MoveFanoutRegsForwards' took 126.246 ?s (1 iterations)
Fri 17:38: INFO    : Optimization report for Kernel 'VectorsKernel'.
Fri 17:38: INFO    : Enabled optimizations:
Fri 17:38: INFO    : 	DSP-MultAdd
Fri 17:38: INFO    : 	Tri-Adder
Fri 17:38: INFO    : 	Conditional (Tri)Adds/Subs/AddSubs
Fri 17:38: INFO    : 	Power-of-2 Floating Point
Fri 17:38: INFO    : Creating a preliminary MaxCompilerDesignData.dat. (@ CoreCompile VectorsKernel)
Fri 17:38: INFO    : Total compilation of 'VectorsKernel' took 334.785 ms.
Fri 17:38: INFO    : Running kernel graph-pass 'MarkConstantPass'.
Fri 17:38: INFO    : Graph-pass 'MarkConstantPass' took 160.944 ?s (1 iterations)
Fri 17:38: INFO    : Running kernel graph-pass 'MaxConstantLatency'.
Fri 17:38: INFO    : Graph-pass 'MaxConstantLatency' took 397.646 ?s (1 iterations)
Fri 17:38: INFO    : Running kernel graph-pass 'SimCodeGraphPass'.
Fri 17:38: INFO    : Graph-pass 'SimCodeGraphPass' took 12.4507 ms (1 iterations)
Fri 17:38: INFO    : Writing current graph to: Vectors-VectorsKernel-final-simulation.pxg
Fri 17:38: INFO    : Running kernel graph-pass 'GeneratePXG'.
Fri 17:38: INFO    : Graph-pass 'GeneratePXG' took 41.1460 ms (1 iterations)
Fri 17:38: INFO    : Running manager compiler graph-pass: GenerateMXGInfo
Fri 17:38: INFO    : Running manager compiler graph-pass: ScheduleStallLatency
Fri 17:38: INFO    : Running manager compiler graph-pass: ClockWidthAssignment
Fri 17:38: INFO    : Running manager compiler graph-pass: InsertDualAspectLogic
Fri 17:38: INFO    : Running manager compiler graph-pass: ClockWidthAssignment
Fri 17:38: INFO    : Running manager compiler graph-pass: InsertPullPushAdapter
Fri 17:38: INFO    : Running manager compiler graph-pass: ClockWidthAssignment
Fri 17:38: INFO    : Running manager compiler graph-pass: InsertStreamFifos
Fri 17:38: INFO    : Running manager compiler graph-pass: ClockWidthAssignment
Fri 17:38: INFO    : Running manager compiler graph-pass: InsertStreamStatus
Fri 17:38: INFO    : Running manager compiler graph-pass: InsertChipscope
Fri 17:38: INFO    : Inserted 0 chipscope manager nodes.
Fri 17:38: INFO    : Running manager compiler graph-pass: ClockWidthAssignment
Fri 17:38: INFO    : Running manager compiler graph-pass: ReportClockAssignments
Fri 17:38: INFO    : Running manager compiler graph-pass: BuildSoftwareSim
Fri 17:38: INFO    : Mapped register report:
Fri 17:38: INFO    : 	0	io_col_force_disabled	1bytes
Fri 17:38: INFO    : 	1	io_row_force_disabled	1bytes
Fri 17:38: INFO    : 	2	io_cVal_force_disabled	1bytes
Fri 17:38: INFO    : 	3	run_cycle_count	6bytes
Fri 17:38: INFO    : 	9	current_run_cycle_count	6bytes
Fri 17:38: INFO    : 	f	dbg_ctld_almost_empty	1bytes
Fri 17:38: INFO    : 	10	dbg_ctld_done	1bytes
Fri 17:38: INFO    : 	11	dbg_ctld_empty	1bytes
Fri 17:38: INFO    : 	12	dbg_ctld_read	1bytes
Fri 17:38: INFO    : 	13	dbg_ctld_read_pipe_dbg	1bytes
Fri 17:38: INFO    : 	14	dbg_ctld_request	1bytes
Fri 17:38: INFO    : 	15	dbg_done_out	1bytes
Fri 17:38: INFO    : 	16	dbg_fill_level	1bytes
Fri 17:38: INFO    : 	17	dbg_flush_level	1bytes
Fri 17:38: INFO    : 	18	dbg_flush_start	1bytes
Fri 17:38: INFO    : 	19	dbg_flush_start_level	1bytes
Fri 17:38: INFO    : 	1a	dbg_flushing	1bytes
Fri 17:38: INFO    : 	1b	dbg_full_level	1bytes
Fri 17:38: INFO    : 	1c	dbg_out_stall	1bytes
Fri 17:38: INFO    : 	1d	dbg_out_valid	1bytes
Fri 17:38: INFO    : 	1e	dbg_stall_vector	1bytes
Fri 17:38: INFO    : 	1f	ifpga_ctrl	1bytes
Fri 17:38: INFO    : 	20	SFA_FORWARD_EN	4bytes
Fri 17:38: INFO    : Mapped register chain length = 36
Fri 17:38: INFO    : Mapped register efficiency = 0.61 (177 / 288 bits)
Fri 17:38: INFO    : Mapped memory report:
Fri 17:38: INFO    : 	No mapped memories in this design.
Fri 17:38: INFO    : Running manager compiler graph-pass: GenerateMXGInfo
Fri 17:38: INFO    : Running manager compiler graph-pass: GenerateSlicHostCode
Fri 17:38: INFO    : Generating SLIC interface information
Fri 17:38: INFO    : Generating SLIC code for interface 'default'
Fri 17:38: INFO    : Skipping blacklisted scalar parameter 'VectorsKernel.current_run_cycle_count'
Fri 17:38: INFO    : Interface 'default' depends on parameter 'N'
Fri 17:38: INFO    : Generating XML description for Maxfile
Fri 17:38: INFO    : Generating XML description for mode 'default'
Fri 17:38: INFO    : Skipping blacklisted scalar parameter 'VectorsKernel.current_run_cycle_count'
Fri 17:38: INFO    : Interface 'default' depends on parameter 'N'
Fri 17:38: INFO    : Adding SLIC sections to the maxfile
Fri 17:38: INFO    : Adding user files to the maxfile
Fri 17:38: INFO    : Generating SLIC include file
Fri 17:38: INFO    : Done generating SLIC interface information
Fri 17:38: PROGRESS: Running back-end simulation build (3 phases)
Fri 17:38: PROGRESS: (1/3) - Prepare MaxFile Data (GenerateMaxFileDataFile)
Fri 17:38: INFO    : Build pass 'GenerateMaxFileDataFile' took 14.5910 ms.
Fri 17:38: PROGRESS: (2/3) - Compile Simulation Modules (SimCompilePass)
Fri 17:38: INFO    : Running command: make -j2
Fri 17:38: INFO    : make[3]: Entering directory `/tmp/Vectors_MAIA_DFE_SIM/scratch/software-sim/build'
Fri 17:38: INFO    : mkdir -p objdir
Fri 17:38: INFO    : mkdir -p stdsimheader.h.gch
Fri 17:38: INFO    : /opt/maxcompiler//lib/clang/bin/start.sh clang++ -c -fPIC -B/opt/maxcompiler//lib/gcc -fbracket-depth=1024 -D_GLIBCXX__PTHREADS -D__USE_XOPEN2K8 -O3  -I. -I/opt/maxcompiler//lib/boost/include -I/opt/maxcompiler//lib/maxeleros-sim/include -I/opt/maxcompiler//lib/lwip_sim -I/opt/maxcompiler//lib/lwip_sim/include -I/opt/maxcompiler//lib/lwip_sim/include/arch -I/opt/maxcompiler//lib/lwip_sim/include/ipv4  -DHAVE_KERNELS -DMAXFILE_INC="../../MaxCompilerDesignData.dat" -g0  -DSLIC_NO_DECLARATIONS   -O0 -DOPTIMIZATION_LEVEL=0 -x c++-header \
Fri 17:38: INFO    : 		-o stdsimheader.h.gch/O0_stdsimheader.h.gch stdsimheader.h
Fri 17:38: INFO    : /opt/maxcompiler//lib/clang/bin/start.sh clang++ -c -fPIC -B/opt/maxcompiler//lib/gcc -fbracket-depth=1024 -D_GLIBCXX__PTHREADS -D__USE_XOPEN2K8 -O3  -I. -I/opt/maxcompiler//lib/boost/include -I/opt/maxcompiler//lib/maxeleros-sim/include -I/opt/maxcompiler//lib/lwip_sim -I/opt/maxcompiler//lib/lwip_sim/include -I/opt/maxcompiler//lib/lwip_sim/include/arch -I/opt/maxcompiler//lib/lwip_sim/include/ipv4  -DHAVE_KERNELS -DMAXFILE_INC="../../MaxCompilerDesignData.dat" -g0  -DSLIC_NO_DECLARATIONS   -fno-implicit-templates -O2 -DOPTIMIZATION_LEVEL=2 -x c++-header \
Fri 17:38: INFO    : 		-o stdsimheader.h.gch/NoTplInst_O2_stdsimheader.h.gch stdsimheader.h
Fri 17:38: INFO    : make Vectors.so
Fri 17:38: INFO    : make[4]: Entering directory `/tmp/Vectors_MAIA_DFE_SIM/scratch/software-sim/build'
Fri 17:38: INFO    : /opt/maxcompiler//lib/clang/bin/start.sh clang++ -c -fPIC -B/opt/maxcompiler//lib/gcc -fbracket-depth=1024 -D_GLIBCXX__PTHREADS -D__USE_XOPEN2K8 -O3  -I. -I/opt/maxcompiler//lib/boost/include -I/opt/maxcompiler//lib/maxeleros-sim/include -I/opt/maxcompiler//lib/lwip_sim -I/opt/maxcompiler//lib/lwip_sim/include -I/opt/maxcompiler//lib/lwip_sim/include/arch -I/opt/maxcompiler//lib/lwip_sim/include/ipv4  -DHAVE_KERNELS -DMAXFILE_INC="../../MaxCompilerDesignData.dat" -g0  -DSLIC_NO_DECLARATIONS   -fno-implicit-templates -include-pch stdsimheader.h.gch -O2 -DOPTIMIZATION_LEVEL=2 -o objdir/VectorsKernel_exec0.NoTplInst.O2.o VectorsKernel_exec0.cpp
Fri 17:38: INFO    : /opt/maxcompiler//lib/clang/bin/start.sh clang++ -c -fPIC -B/opt/maxcompiler//lib/gcc -fbracket-depth=1024 -D_GLIBCXX__PTHREADS -D__USE_XOPEN2K8 -O3  -I. -I/opt/maxcompiler//lib/boost/include -I/opt/maxcompiler//lib/maxeleros-sim/include -I/opt/maxcompiler//lib/lwip_sim -I/opt/maxcompiler//lib/lwip_sim/include -I/opt/maxcompiler//lib/lwip_sim/include/arch -I/opt/maxcompiler//lib/lwip_sim/include/ipv4  -DHAVE_KERNELS -DMAXFILE_INC="../../MaxCompilerDesignData.dat" -g0  -DSLIC_NO_DECLARATIONS   -include-pch stdsimheader.h.gch -O0 -DOPTIMIZATION_LEVEL=0 -o objdir/VectorsKernel.O0.o VectorsKernel.cpp
Fri 17:38: INFO    : /opt/maxcompiler//lib/clang/bin/start.sh clang++ -fPIC -B/opt/maxcompiler//lib/gcc -fbracket-depth=1024 -D_GLIBCXX__PTHREADS -D__USE_XOPEN2K8 -O3  -I. -I/opt/maxcompiler//lib/boost/include -I/opt/maxcompiler//lib/maxeleros-sim/include -I/opt/maxcompiler//lib/lwip_sim -I/opt/maxcompiler//lib/lwip_sim/include -I/opt/maxcompiler//lib/lwip_sim/include/arch -I/opt/maxcompiler//lib/lwip_sim/include/ipv4  -DHAVE_KERNELS -DMAXFILE_INC="../../MaxCompilerDesignData.dat" -g0  -DSLIC_NO_DECLARATIONS   -MM -MP -MT objdir/VectorsKernel.O0.o \
Fri 17:38: INFO    : 		VectorsKernel.cpp > objdir/VectorsKernel.O0.d
Fri 17:38: INFO    : /opt/maxcompiler//lib/clang/bin/start.sh clang++ -c -fPIC -B/opt/maxcompiler//lib/gcc -fbracket-depth=1024 -D_GLIBCXX__PTHREADS -D__USE_XOPEN2K8 -O3  -I. -I/opt/maxcompiler//lib/boost/include -I/opt/maxcompiler//lib/maxeleros-sim/include -I/opt/maxcompiler//lib/lwip_sim -I/opt/maxcompiler//lib/lwip_sim/include -I/opt/maxcompiler//lib/lwip_sim/include/arch -I/opt/maxcompiler//lib/lwip_sim/include/ipv4  -DHAVE_KERNELS -DMAXFILE_INC="../../MaxCompilerDesignData.dat" -g0  -DSLIC_NO_DECLARATIONS   -include-pch stdsimheader.h.gch -O2 -DOPTIMIZATION_LEVEL=2 -o objdir/VectorsKernel_Templates.O2.o VectorsKernel_Templates.cpp
Fri 17:38: INFO    : /opt/maxcompiler//lib/clang/bin/start.sh clang++ -fPIC -B/opt/maxcompiler//lib/gcc -fbracket-depth=1024 -D_GLIBCXX__PTHREADS -D__USE_XOPEN2K8 -O3  -I. -I/opt/maxcompiler//lib/boost/include -I/opt/maxcompiler//lib/maxeleros-sim/include -I/opt/maxcompiler//lib/lwip_sim -I/opt/maxcompiler//lib/lwip_sim/include -I/opt/maxcompiler//lib/lwip_sim/include/arch -I/opt/maxcompiler//lib/lwip_sim/include/ipv4  -DHAVE_KERNELS -DMAXFILE_INC="../../MaxCompilerDesignData.dat" -g0  -DSLIC_NO_DECLARATIONS   -MM -MP -MT objdir/VectorsKernel_exec0.NoTplInst.O2.o \
Fri 17:38: INFO    : 		VectorsKernel_exec0.cpp > objdir/VectorsKernel_exec0.NoTplInst.O2.d
Fri 17:38: INFO    : /opt/maxcompiler//lib/clang/bin/start.sh clang++ -c -fPIC -B/opt/maxcompiler//lib/gcc -fbracket-depth=1024 -D_GLIBCXX__PTHREADS -D__USE_XOPEN2K8 -O3  -I. -I/opt/maxcompiler//lib/boost/include -I/opt/maxcompiler//lib/maxeleros-sim/include -I/opt/maxcompiler//lib/lwip_sim -I/opt/maxcompiler//lib/lwip_sim/include -I/opt/maxcompiler//lib/lwip_sim/include/arch -I/opt/maxcompiler//lib/lwip_sim/include/ipv4  -DHAVE_KERNELS -DMAXFILE_INC="../../MaxCompilerDesignData.dat" -g0  -DSLIC_NO_DECLARATIONS   -include-pch stdsimheader.h.gch -O0 -DOPTIMIZATION_LEVEL=0 -o objdir/max_msi.O0.o max_msi.cpp
Fri 17:38: INFO    : In file included from max_msi.cpp:19:
Fri 17:38: INFO    : /tmp/Vectors_MAIA_DFE_SIM/scratch/software-sim/build/MaxFile.h:4:9: warning: '_QUOTE' macro redefined [-Wmacro-redefined]
Fri 17:38: INFO    : #define _QUOTE(what) #what
Fri 17:38: INFO    :         ^
Fri 17:38: INFO    : /opt/maxcompiler//lib/maxeleros-sim/include/maxrt_error.h:87:9: note: previous definition is here
Fri 17:38: INFO    : #define _QUOTE(x) #x
Fri 17:38: INFO    :         ^
Fri 17:38: INFO    : /opt/maxcompiler//lib/clang/bin/start.sh clang++ -fPIC -B/opt/maxcompiler//lib/gcc -fbracket-depth=1024 -D_GLIBCXX__PTHREADS -D__USE_XOPEN2K8 -O3  -I. -I/opt/maxcompiler//lib/boost/include -I/opt/maxcompiler//lib/maxeleros-sim/include -I/opt/maxcompiler//lib/lwip_sim -I/opt/maxcompiler//lib/lwip_sim/include -I/opt/maxcompiler//lib/lwip_sim/include/arch -I/opt/maxcompiler//lib/lwip_sim/include/ipv4  -DHAVE_KERNELS -DMAXFILE_INC="../../MaxCompilerDesignData.dat" -g0  -DSLIC_NO_DECLARATIONS   -MM -MP -MT objdir/VectorsKernel_Templates.O2.o \
Fri 17:38: INFO    : 		VectorsKernel_Templates.cpp > objdir/VectorsKernel_Templates.O2.d
Fri 17:38: INFO    : 1 warning generated.
Fri 17:38: INFO    : /opt/maxcompiler//lib/clang/bin/start.sh clang++ -fPIC -B/opt/maxcompiler//lib/gcc -fbracket-depth=1024 -D_GLIBCXX__PTHREADS -D__USE_XOPEN2K8 -O3  -I. -I/opt/maxcompiler//lib/boost/include -I/opt/maxcompiler//lib/maxeleros-sim/include -I/opt/maxcompiler//lib/lwip_sim -I/opt/maxcompiler//lib/lwip_sim/include -I/opt/maxcompiler//lib/lwip_sim/include/arch -I/opt/maxcompiler//lib/lwip_sim/include/ipv4  -DHAVE_KERNELS -DMAXFILE_INC="../../MaxCompilerDesignData.dat" -g0  -DSLIC_NO_DECLARATIONS   -MM -MP -MT objdir/max_msi.O0.o \
Fri 17:38: INFO    : 		max_msi.cpp > objdir/max_msi.O0.d
Fri 17:38: INFO    : /opt/maxcompiler//lib/clang/bin/start.sh clang++ -fPIC -shared -B/opt/maxcompiler//lib/gcc -L/opt/maxcompiler//lib/boost/lib -lboost_thread -lboost_system -lboost_filesystem -lrt -pthread -O2 -s  -o Vectors.so objdir/VectorsKernel_exec0.NoTplInst.O2.o objdir/VectorsKernel.O0.o objdir/VectorsKernel_Templates.O2.o objdir/max_msi.O0.o StructToGroupDummy.o Mux.o DualAspectMux.o Demux.o Fanout.o CapRegs.o IFPGARegs.o ChecksumMem.o PCIe.o KernelManagerBlockSync.o DualAspectReg.o PullPushAdapter.o FilePullSource.o max_shared_fifo.o SharedFIFO.o Fifos.o FilePushSink.o SimTerminator.o Watch.o StreamStatus.o RunLengthExpander.o ManagerBlock.o MappedElements.o ManagerSync.o PullSync.o PushSync.o DynamicVarUInt.o SimException.o DebugStreams.o AddressGenerator.o MemoryControllerPro.o MemoryControllerRAM.o MemoryControllerCommand.o MemoryControllerStreams.o MemoryControllerConfig.o TCP.o Ethernet.o Timestamp.o /opt/maxcompiler//lib/lwip_sim/lib/liblwip.a
Fri 17:38: INFO    : make[4]: Leaving directory `/tmp/Vectors_MAIA_DFE_SIM/scratch/software-sim/build'
Fri 17:38: INFO    : make[3]: Leaving directory `/tmp/Vectors_MAIA_DFE_SIM/scratch/software-sim/build'
Fri 17:38: INFO    : Build pass 'SimCompilePass' took 5.88602 s.
Fri 17:38: PROGRESS: (3/3) - Generate MaxFile (AddSimObjectToMaxFilePass)
Fri 17:38: INFO    : Build pass 'AddSimObjectToMaxFilePass' took 190.116 ms.
Fri 17:38: INFO    : Final result files after build: 
Fri 17:38: INFO    : Running command: ln -sf "../scratch/Vectors-VectorsKernel-original.pxg"
Fri 17:38: INFO    : Vectors-VectorsKernel-original.pxg (BuildFilePXG)
Fri 17:38: INFO    : Running command: ln -sf "../scratch/VectorsKernel_Configuration.txt"
Fri 17:38: INFO    : VectorsKernel_Configuration.txt (BuildFile)
Fri 17:38: INFO    : Running command: ln -sf "../scratch/VectorsKernel_NodeDiary.txt"
Fri 17:38: INFO    : VectorsKernel_NodeDiary.txt (BuildFile)
Fri 17:38: INFO    : Running command: ln -sf "../scratch/Vectors-VectorsKernel-final-simulation.pxg"
Fri 17:38: INFO    : Vectors-VectorsKernel-final-simulation.pxg (BuildFilePXG)
Fri 17:38: INFO    : Running command: ln -sf "../scratch/Vectors.xml"
Fri 17:38: INFO    : Vectors.xml (BuildFile)
Fri 17:38: INFO    : Running command: ln -sf "../scratch/Vectors.h"
Fri 17:38: INFO    : Vectors.h (BuildFileSlicH)
Fri 17:38: INFO    : Running command: ln -sf "../scratch/Vectors.max"
Fri 17:38: INFO    : Vectors.max (BuildFileMaxFile)
Fri 17:38: INFO    : Result files will be copied to '/home/mwpletch/WebIDE-Projects/MatrixMultiplication/CPUCode/results'
Fri 17:38: INFO    : Copying result 'Vectors-VectorsKernel-original.pxg' to '/home/mwpletch/WebIDE-Projects/MatrixMultiplication/CPUCode/results/Vectors-VectorsKernel-original.pxg'
Fri 17:38: INFO    : Running command: cp -rf "/tmp/Vectors_MAIA_DFE_SIM/scratch/Vectors-VectorsKernel-original.pxg" "/home/mwpletch/WebIDE-Projects/MatrixMultiplication/CPUCode/results/Vectors-VectorsKernel-original.pxg"
Fri 17:38: INFO    : Copying result 'Vectors-VectorsKernel-final-simulation.pxg' to '/home/mwpletch/WebIDE-Projects/MatrixMultiplication/CPUCode/results/Vectors-VectorsKernel-final-simulation.pxg'
Fri 17:38: INFO    : Running command: cp -rf "/tmp/Vectors_MAIA_DFE_SIM/scratch/Vectors-VectorsKernel-final-simulation.pxg" "/home/mwpletch/WebIDE-Projects/MatrixMultiplication/CPUCode/results/Vectors-VectorsKernel-final-simulation.pxg"
Fri 17:38: INFO    : Copying result 'Vectors.h' to '/home/mwpletch/WebIDE-Projects/MatrixMultiplication/CPUCode/results/Vectors.h'
Fri 17:38: INFO    : Running command: cp -rf "/tmp/Vectors_MAIA_DFE_SIM/scratch/Vectors.h" "/home/mwpletch/WebIDE-Projects/MatrixMultiplication/CPUCode/results/Vectors.h"
Fri 17:38: INFO    : Copying result 'Vectors.max' to '/home/mwpletch/WebIDE-Projects/MatrixMultiplication/CPUCode/results/Vectors.max'
Fri 17:38: INFO    : Running command: cp -rf "/tmp/Vectors_MAIA_DFE_SIM/scratch/Vectors.max" "/home/mwpletch/WebIDE-Projects/MatrixMultiplication/CPUCode/results/Vectors.max"
Fri 17:38: PROGRESS: MaxFile: /tmp/Vectors_MAIA_DFE_SIM/results/Vectors.max (MD5Sum: 16af6c5007bffa60e3f7cb3587a017cc)
Fri 17:38: INFO    : Waiting for any outstanding jobs to finish... 
Fri 17:38: PROGRESS: Build completed: Fri Jan 12 17:38:47 UTC 2018 (took 7 secs)
